# JRE version: OpenJDK Runtime Environment Temurin-17.0.1+12 (17.0.1+12) (build 17.0.1+12)
# Java VM: OpenJDK 64-Bit Server VM Temurin-17.0.1+12 (17.0.1+12, mixed mode, tiered, compressed oops, compressed class ptrs, parallel gc, windows-amd64)
GC Precious Log:
 CPUs: 6 total, 6 available
 Memory: 15290M
 Large Page Support: Disabled
 NUMA Support: Disabled
 Compressed Oops: Enabled (32-bit)
 Alignments: Space 512K, Generation 512K, Heap 2M
 Heap Min Capacity: 100M
 Heap Initial Capacity: 100M
 Heap Max Capacity: 1G
 Pre-touch: Disabled
 Parallel Workers: 6
Heap:
 PSYoungGen      total 16384K, used 16363K [0x00000000eab00000, 0x00000000ec300000, 0x0000000100000000)
  eden space 12288K, 100% used [0x00000000eab00000,0x00000000eb700000,0x00000000eb700000)
  from space 4096K, 99% used [0x00000000ebc00000,0x00000000ebffadc8,0x00000000ec000000)
  to   space 5120K, 11% used [0x00000000eb700000,0x00000000eb793790,0x00000000ebc00000)
 ParOldGen       total 232448K, used 226302K [0x00000000c0000000, 0x00000000ce300000, 0x00000000eab00000)
  object space 232448K, 97% used [0x00000000c0000000,0x00000000cdcff830,0x00000000ce300000)
 Metaspace       used 90946K, committed 91968K, reserved 1138688K
  class space    used 8772K, committed 9280K, reserved 1048576K
GC Heap History (20 events):
Event: 10612.148 GC heap after
{Heap after GC invocations=10199 (full 350):
 PSYoungGen      total 9728K, used 928K [0x00000000eab00000, 0x00000000eb600000, 0x0000000100000000)
  eden space 7168K, 0% used [0x00000000eab00000,0x00000000eab00000,0x00000000eb200000)
  from space 2560K, 36% used [0x00000000eb200000,0x00000000eb2e8010,0x00000000eb480000)
  to   space 1536K, 0% used [0x00000000eb480000,0x00000000eb480000,0x00000000eb600000)
 ParOldGen       total 232448K, used 213237K [0x00000000c0000000, 0x00000000ce300000, 0x00000000eab00000)
  object space 232448K, 91% used [0x00000000c0000000,0x00000000cd03d730,0x00000000ce300000)
 Metaspace       used 90946K, committed 91968K, reserved 1138688K
  class space    used 8772K, committed 9280K, reserved 1048576K
}
Event: 10612.415 GC heap before
{Heap before GC invocations=10200 (full 350):
 PSYoungGen      total 9728K, used 8096K [0x00000000eab00000, 0x00000000eb600000, 0x0000000100000000)
  eden space 7168K, 100% used [0x00000000eab00000,0x00000000eb200000,0x00000000eb200000)
  from space 2560K, 36% used [0x00000000eb200000,0x00000000eb2e8010,0x00000000eb480000)
  to   space 1536K, 0% used [0x00000000eb480000,0x00000000eb480000,0x00000000eb600000)
 ParOldGen       total 232448K, used 213237K [0x00000000c0000000, 0x00000000ce300000, 0x00000000eab00000)
  object space 232448K, 91% used [0x00000000c0000000,0x00000000cd03d730,0x00000000ce300000)
 Metaspace       used 90946K, committed 91968K, reserved 1138688K
  class space    used 8772K, committed 9280K, reserved 1048576K
}
Event: 10612.416 GC heap after
{Heap after GC invocations=10200 (full 350):
 PSYoungGen      total 9216K, used 884K [0x00000000eab00000, 0x00000000eb580000, 0x0000000100000000)
  eden space 8192K, 0% used [0x00000000eab00000,0x00000000eab00000,0x00000000eb300000)
  from space 1024K, 86% used [0x00000000eb480000,0x00000000eb55d200,0x00000000eb580000)
  to   space 1024K, 0% used [0x00000000eb380000,0x00000000eb380000,0x00000000eb480000)
 ParOldGen       total 232448K, used 213874K [0x00000000c0000000, 0x00000000ce300000, 0x00000000eab00000)
  object space 232448K, 92% used [0x00000000c0000000,0x00000000cd0dc898,0x00000000ce300000)
 Metaspace       used 90946K, committed 91968K, reserved 1138688K
  class space    used 8772K, committed 9280K, reserved 1048576K
}
Event: 10612.437 GC heap before
{Heap before GC invocations=10201 (full 350):
 PSYoungGen      total 9216K, used 9076K [0x00000000eab00000, 0x00000000eb580000, 0x0000000100000000)
  eden space 8192K, 100% used [0x00000000eab00000,0x00000000eb300000,0x00000000eb300000)
  from space 1024K, 86% used [0x00000000eb480000,0x00000000eb55d200,0x00000000eb580000)
  to   space 1024K, 0% used [0x00000000eb380000,0x00000000eb380000,0x00000000eb480000)
 ParOldGen       total 232448K, used 213874K [0x00000000c0000000, 0x00000000ce300000, 0x00000000eab00000)
  object space 232448K, 92% used [0x00000000c0000000,0x00000000cd0dc898,0x00000000ce300000)
 Metaspace       used 90946K, committed 91968K, reserved 1138688K
  class space    used 8772K, committed 9280K, reserved 1048576K
}
Event: 10612.440 GC heap after
{Heap after GC invocations=10201 (full 350):
 PSYoungGen      total 9728K, used 1003K [0x00000000eab00000, 0x00000000ec100000, 0x0000000100000000)
  eden space 8704K, 0% used [0x00000000eab00000,0x00000000eab00000,0x00000000eb380000)
  from space 1024K, 97% used [0x00000000eb380000,0x00000000eb47adc8,0x00000000eb480000)
  to   space 6656K, 0% used [0x00000000eba80000,0x00000000eba80000,0x00000000ec100000)
 ParOldGen       total 232448K, used 218486K [0x00000000c0000000, 0x00000000ce300000, 0x00000000eab00000)
  object space 232448K, 93% used [0x00000000c0000000,0x00000000cd55da20,0x00000000ce300000)
 Metaspace       used 90946K, committed 91968K, reserved 1138688K
  class space    used 8772K, committed 9280K, reserved 1048576K
}
Event: 10612.446 GC heap before
{Heap before GC invocations=10202 (full 350):
 PSYoungGen      total 9728K, used 9707K [0x00000000eab00000, 0x00000000ec100000, 0x0000000100000000)
  eden space 8704K, 99% used [0x00000000eab00000,0x00000000eb37fff8,0x00000000eb380000)
  from space 1024K, 97% used [0x00000000eb380000,0x00000000eb47adc8,0x00000000eb480000)
  to   space 6656K, 0% used [0x00000000eba80000,0x00000000eba80000,0x00000000ec100000)
 ParOldGen       total 232448K, used 218486K [0x00000000c0000000, 0x00000000ce300000, 0x00000000eab00000)
  object space 232448K, 93% used [0x00000000c0000000,0x00000000cd55da20,0x00000000ce300000)
 Metaspace       used 90946K, committed 91968K, reserved 1138688K
  class space    used 8772K, committed 9280K, reserved 1048576K
}
Event: 10612.448 GC heap after
{Heap after GC invocations=10202 (full 350):
 PSYoungGen      total 11264K, used 1184K [0x00000000eab00000, 0x00000000ebc00000, 0x0000000100000000)
  eden space 9728K, 0% used [0x00000000eab00000,0x00000000eab00000,0x00000000eb480000)
  from space 1536K, 77% used [0x00000000eba80000,0x00000000ebba8000,0x00000000ebc00000)
  to   space 3072K, 0% used [0x00000000eb600000,0x00000000eb600000,0x00000000eb900000)
 ParOldGen       total 232448K, used 219513K [0x00000000c0000000, 0x00000000ce300000, 0x00000000eab00000)
  object space 232448K, 94% used [0x00000000c0000000,0x00000000cd65e708,0x00000000ce300000)
 Metaspace       used 90946K, committed 91968K, reserved 1138688K
  class space    used 8772K, committed 9280K, reserved 1048576K
}
Event: 10612.463 GC heap before
{Heap before GC invocations=10203 (full 350):
 PSYoungGen      total 11264K, used 10912K [0x00000000eab00000, 0x00000000ebc00000, 0x0000000100000000)
  eden space 9728K, 100% used [0x00000000eab00000,0x00000000eb480000,0x00000000eb480000)
  from space 1536K, 77% used [0x00000000eba80000,0x00000000ebba8000,0x00000000ebc00000)
  to   space 3072K, 0% used [0x00000000eb600000,0x00000000eb600000,0x00000000eb900000)
 ParOldGen       total 232448K, used 219513K [0x00000000c0000000, 0x00000000ce300000, 0x00000000eab00000)
  object space 232448K, 94% used [0x00000000c0000000,0x00000000cd65e708,0x00000000ce300000)
 Metaspace       used 90946K, committed 91968K, reserved 1138688K
  class space    used 8772K, committed 9280K, reserved 1048576K
}
Event: 10612.464 GC heap after
{Heap after GC invocations=10203 (full 350):
 PSYoungGen      total 13824K, used 1504K [0x00000000eab00000, 0x00000000ebb00000, 0x0000000100000000)
  eden space 10752K, 0% used [0x00000000eab00000,0x00000000eab00000,0x00000000eb580000)
  from space 3072K, 48% used [0x00000000eb600000,0x00000000eb778000,0x00000000eb900000)
  to   space 2048K, 0% used [0x00000000eb900000,0x00000000eb900000,0x00000000ebb00000)
 ParOldGen       total 232448K, used 220081K [0x00000000c0000000, 0x00000000ce300000, 0x00000000eab00000)
  object space 232448K, 94% used [0x00000000c0000000,0x00000000cd6ec708,0x00000000ce300000)
 Metaspace       used 90946K, committed 91968K, reserved 1138688K
  class space    used 8772K, committed 9280K, reserved 1048576K
}
Event: 10612.575 GC heap before
{Heap before GC invocations=10204 (full 350):
 PSYoungGen      total 13824K, used 12233K [0x00000000eab00000, 0x00000000ebb00000, 0x0000000100000000)
  eden space 10752K, 99% used [0x00000000eab00000,0x00000000eb57a430,0x00000000eb580000)
  from space 3072K, 48% used [0x00000000eb600000,0x00000000eb778000,0x00000000eb900000)
  to   space 2048K, 0% used [0x00000000eb900000,0x00000000eb900000,0x00000000ebb00000)
 ParOldGen       total 232448K, used 220081K [0x00000000c0000000, 0x00000000ce300000, 0x00000000eab00000)
  object space 232448K, 94% used [0x00000000c0000000,0x00000000cd6ec708,0x00000000ce300000)
 Metaspace       used 90946K, committed 91968K, reserved 1138688K
  class space    used 8772K, committed 9280K, reserved 1048576K
}
Event: 10612.576 GC heap after
{Heap after GC invocations=10204 (full 350):
 PSYoungGen      total 13312K, used 2048K [0x00000000eab00000, 0x00000000ebc80000, 0x0000000100000000)
  eden space 11264K, 0% used [0x00000000eab00000,0x00000000eab00000,0x00000000eb600000)
  from space 2048K, 100% used [0x00000000eb900000,0x00000000ebb00000,0x00000000ebb00000)
  to   space 3072K, 0% used [0x00000000eb600000,0x00000000eb600000,0x00000000eb900000)
 ParOldGen       total 232448K, used 220601K [0x00000000c0000000, 0x00000000ce300000, 0x00000000eab00000)
  object space 232448K, 94% used [0x00000000c0000000,0x00000000cd76e708,0x00000000ce300000)
 Metaspace       used 90946K, committed 91968K, reserved 1138688K
  class space    used 8772K, committed 9280K, reserved 1048576K
}
Event: 10612.592 GC heap before
{Heap before GC invocations=10205 (full 350):
 PSYoungGen      total 13312K, used 13311K [0x00000000eab00000, 0x00000000ebc80000, 0x0000000100000000)
  eden space 11264K, 99% used [0x00000000eab00000,0x00000000eb5ffff8,0x00000000eb600000)
  from space 2048K, 100% used [0x00000000eb900000,0x00000000ebb00000,0x00000000ebb00000)
  to   space 3072K, 0% used [0x00000000eb600000,0x00000000eb600000,0x00000000eb900000)
 ParOldGen       total 232448K, used 220601K [0x00000000c0000000, 0x00000000ce300000, 0x00000000eab00000)
  object space 232448K, 94% used [0x00000000c0000000,0x00000000cd76e708,0x00000000ce300000)
 Metaspace       used 90946K, committed 91968K, reserved 1138688K
  class space    used 8772K, committed 9280K, reserved 1048576K
}
Event: 10612.593 GC heap after
{Heap after GC invocations=10205 (full 350):
 PSYoungGen      total 11776K, used 346K [0x00000000eab00000, 0x00000000eba00000, 0x0000000100000000)
  eden space 11264K, 0% used [0x00000000eab00000,0x00000000eab00000,0x00000000eb600000)
  from space 512K, 67% used [0x00000000eb600000,0x00000000eb656900,0x00000000eb680000)
  to   space 1536K, 0% used [0x00000000eb880000,0x00000000eb880000,0x00000000eba00000)
 ParOldGen       total 232448K, used 222681K [0x00000000c0000000, 0x00000000ce300000, 0x00000000eab00000)
  object space 232448K, 95% used [0x00000000c0000000,0x00000000cd976708,0x00000000ce300000)
 Metaspace       used 90946K, committed 91968K, reserved 1138688K
  class space    used 8772K, committed 9280K, reserved 1048576K
}
Event: 10612.610 GC heap before
{Heap before GC invocations=10206 (full 350):
 PSYoungGen      total 11776K, used 11610K [0x00000000eab00000, 0x00000000eba00000, 0x0000000100000000)
  eden space 11264K, 100% used [0x00000000eab00000,0x00000000eb600000,0x00000000eb600000)
  from space 512K, 67% used [0x00000000eb600000,0x00000000eb656900,0x00000000eb680000)
  to   space 1536K, 0% used [0x00000000eb880000,0x00000000eb880000,0x00000000eba00000)
 ParOldGen       total 232448K, used 222681K [0x00000000c0000000, 0x00000000ce300000, 0x00000000eab00000)
  object space 232448K, 95% used [0x00000000c0000000,0x00000000cd976708,0x00000000ce300000)
 Metaspace       used 90946K, committed 91968K, reserved 1138688K
  class space    used 8772K, committed 9280K, reserved 1048576K
}
Event: 10612.611 GC heap after
{Heap after GC invocations=10206 (full 350):
 PSYoungGen      total 13312K, used 862K [0x00000000eab00000, 0x00000000eb980000, 0x0000000100000000)
  eden space 12288K, 0% used [0x00000000eab00000,0x00000000eab00000,0x00000000eb700000)
  from space 1024K, 84% used [0x00000000eb880000,0x00000000eb957b10,0x00000000eb980000)
  to   space 1024K, 0% used [0x00000000eb780000,0x00000000eb780000,0x00000000eb880000)
 ParOldGen       total 232448K, used 222681K [0x00000000c0000000, 0x00000000ce300000, 0x00000000eab00000)
  object space 232448K, 95% used [0x00000000c0000000,0x00000000cd976708,0x00000000ce300000)
 Metaspace       used 90946K, committed 91968K, reserved 1138688K
  class space    used 8772K, committed 9280K, reserved 1048576K
}
Event: 10612.880 GC heap before
{Heap before GC invocations=10207 (full 350):
 PSYoungGen      total 13312K, used 13150K [0x00000000eab00000, 0x00000000eb980000, 0x0000000100000000)
  eden space 12288K, 100% used [0x00000000eab00000,0x00000000eb700000,0x00000000eb700000)
  from space 1024K, 84% used [0x00000000eb880000,0x00000000eb957b10,0x00000000eb980000)
  to   space 1024K, 0% used [0x00000000eb780000,0x00000000eb780000,0x00000000eb880000)
 ParOldGen       total 232448K, used 222681K [0x00000000c0000000, 0x00000000ce300000, 0x00000000eab00000)
  object space 232448K, 95% used [0x00000000c0000000,0x00000000cd976708,0x00000000ce300000)
 Metaspace       used 90946K, committed 91968K, reserved 1138688K
  class space    used 8772K, committed 9280K, reserved 1048576K
}
Event: 10612.882 GC heap after
{Heap after GC invocations=10207 (full 350):
 PSYoungGen      total 13824K, used 1003K [0x00000000eab00000, 0x00000000ec000000, 0x0000000100000000)
  eden space 12800K, 0% used [0x00000000eab00000,0x00000000eab00000,0x00000000eb780000)
  from space 1024K, 97% used [0x00000000eb780000,0x00000000eb87adc8,0x00000000eb880000)
  to   space 4096K, 0% used [0x00000000ebc00000,0x00000000ebc00000,0x00000000ec000000)
 ParOldGen       total 232448K, used 224882K [0x00000000c0000000, 0x00000000ce300000, 0x00000000eab00000)
  object space 232448K, 96% used [0x00000000c0000000,0x00000000cdb9cb10,0x00000000ce300000)
 Metaspace       used 90946K, committed 91968K, reserved 1138688K
  class space    used 8772K, committed 9280K, reserved 1048576K
}
Event: 10612.889 GC heap before
{Heap before GC invocations=10208 (full 350):
 PSYoungGen      total 13824K, used 13803K [0x00000000eab00000, 0x00000000ec000000, 0x0000000100000000)
  eden space 12800K, 100% used [0x00000000eab00000,0x00000000eb780000,0x00000000eb780000)
  from space 1024K, 97% used [0x00000000eb780000,0x00000000eb87adc8,0x00000000eb880000)
  to   space 4096K, 0% used [0x00000000ebc00000,0x00000000ebc00000,0x00000000ec000000)
 ParOldGen       total 232448K, used 224882K [0x00000000c0000000, 0x00000000ce300000, 0x00000000eab00000)
  object space 232448K, 96% used [0x00000000c0000000,0x00000000cdb9cb10,0x00000000ce300000)
 Metaspace       used 90946K, committed 91968K, reserved 1138688K
  class space    used 8772K, committed 9280K, reserved 1048576K
}
Event: 10612.891 GC heap after
{Heap after GC invocations=10208 (full 350):
 PSYoungGen      total 16384K, used 4075K [0x00000000eab00000, 0x00000000ec300000, 0x0000000100000000)
  eden space 12288K, 0% used [0x00000000eab00000,0x00000000eab00000,0x00000000eb700000)
  from space 4096K, 99% used [0x00000000ebc00000,0x00000000ebffadc8,0x00000000ec000000)
  to   space 5120K, 0% used [0x00000000eb700000,0x00000000eb700000,0x00000000ebc00000)
 ParOldGen       total 232448K, used 225202K [0x00000000c0000000, 0x00000000ce300000, 0x00000000eab00000)
  object space 232448K, 96% used [0x00000000c0000000,0x00000000cdbecb10,0x00000000ce300000)
 Metaspace       used 90946K, committed 91968K, reserved 1138688K
  class space    used 8772K, committed 9280K, reserved 1048576K
}
Event: 10612.912 GC heap before
{Heap before GC invocations=10209 (full 350):
 PSYoungGen      total 16384K, used 16363K [0x00000000eab00000, 0x00000000ec300000, 0x0000000100000000)
  eden space 12288K, 100% used [0x00000000eab00000,0x00000000eb700000,0x00000000eb700000)
  from space 4096K, 99% used [0x00000000ebc00000,0x00000000ebffadc8,0x00000000ec000000)
  to   space 5120K, 0% used [0x00000000eb700000,0x00000000eb700000,0x00000000ebc00000)
 ParOldGen       total 232448K, used 225202K [0x00000000c0000000, 0x00000000ce300000, 0x00000000eab00000)
  object space 232448K, 96% used [0x00000000c0000000,0x00000000cdbecb10,0x00000000ce300000)
 Metaspace       used 90946K, committed 91968K, reserved 1138688K
  class space    used 8772K, committed 9280K, reserved 1048576K
}

