# JRE version: OpenJDK Runtime Environment Temurin-17.0.1+12 (17.0.1+12) (build 17.0.1+12)
# Java VM: OpenJDK 64-Bit Server VM Temurin-17.0.1+12 (17.0.1+12, mixed mode, tiered, compressed oops, compressed class ptrs, parallel gc, windows-amd64)
GC Precious Log:
 CPUs: 6 total, 6 available
 Memory: 15290M
 Large Page Support: Disabled
 NUMA Support: Disabled
 Compressed Oops: Enabled (32-bit)
 Alignments: Space 512K, Generation 512K, Heap 2M
 Heap Min Capacity: 100M
 Heap Initial Capacity: 100M
 Heap Max Capacity: 1G
 Pre-touch: Disabled
 Parallel Workers: 6
Heap:
 PSYoungGen      total 8704K, used 8177K [0x00000000eab00000, 0x00000000eb780000, 0x0000000100000000)
  eden space 4608K, 98% used [0x00000000eab00000,0x00000000eaf6c700,0x00000000eaf80000)
  from space 4096K, 89% used [0x00000000eb380000,0x00000000eb710000,0x00000000eb780000)
  to   space 4096K, 100% used [0x00000000eaf80000,0x00000000eb380000,0x00000000eb380000)
 ParOldGen       total 182272K, used 158989K [0x00000000c0000000, 0x00000000cb200000, 0x00000000eab00000)
  object space 182272K, 87% used [0x00000000c0000000,0x00000000c9b43628,0x00000000cb200000)
 Metaspace       used 96378K, committed 97472K, reserved 1138688K
  class space    used 9328K, committed 9792K, reserved 1048576K
GC Heap History (20 events):
Event: 4050.008 GC heap after
{Heap after GC invocations=10552 (full 414):
 PSYoungGen      total 4608K, used 666K [0x00000000eab00000, 0x00000000eb180000, 0x0000000100000000)
  eden space 3584K, 0% used [0x00000000eab00000,0x00000000eab00000,0x00000000eae80000)
  from space 1024K, 65% used [0x00000000eaf80000,0x00000000eb026900,0x00000000eb080000)
  to   space 1024K, 0% used [0x00000000eb080000,0x00000000eb080000,0x00000000eb180000)
 ParOldGen       total 182272K, used 142978K [0x00000000c0000000, 0x00000000cb200000, 0x00000000eab00000)
  object space 182272K, 78% used [0x00000000c0000000,0x00000000c8ba0838,0x00000000cb200000)
 Metaspace       used 96378K, committed 97472K, reserved 1138688K
  class space    used 9328K, committed 9792K, reserved 1048576K
}
Event: 4050.013 GC heap before
{Heap before GC invocations=10553 (full 414):
 PSYoungGen      total 4608K, used 4250K [0x00000000eab00000, 0x00000000eb180000, 0x0000000100000000)
  eden space 3584K, 100% used [0x00000000eab00000,0x00000000eae80000,0x00000000eae80000)
  from space 1024K, 65% used [0x00000000eaf80000,0x00000000eb026900,0x00000000eb080000)
  to   space 1024K, 0% used [0x00000000eb080000,0x00000000eb080000,0x00000000eb180000)
 ParOldGen       total 182272K, used 142978K [0x00000000c0000000, 0x00000000cb200000, 0x00000000eab00000)
  object space 182272K, 78% used [0x00000000c0000000,0x00000000c8ba0838,0x00000000cb200000)
 Metaspace       used 96378K, committed 97472K, reserved 1138688K
  class space    used 9328K, committed 9792K, reserved 1048576K
}
Event: 4050.013 GC heap after
{Heap after GC invocations=10553 (full 414):
 PSYoungGen      total 4608K, used 842K [0x00000000eab00000, 0x00000000eb180000, 0x0000000100000000)
  eden space 3584K, 0% used [0x00000000eab00000,0x00000000eab00000,0x00000000eae80000)
  from space 1024K, 82% used [0x00000000eb080000,0x00000000eb152910,0x00000000eb180000)
  to   space 1024K, 0% used [0x00000000eaf80000,0x00000000eaf80000,0x00000000eb080000)
 ParOldGen       total 182272K, used 142978K [0x00000000c0000000, 0x00000000cb200000, 0x00000000eab00000)
  object space 182272K, 78% used [0x00000000c0000000,0x00000000c8ba0838,0x00000000cb200000)
 Metaspace       used 96378K, committed 97472K, reserved 1138688K
  class space    used 9328K, committed 9792K, reserved 1048576K
}
Event: 4050.018 GC heap before
{Heap before GC invocations=10554 (full 414):
 PSYoungGen      total 4608K, used 4426K [0x00000000eab00000, 0x00000000eb180000, 0x0000000100000000)
  eden space 3584K, 100% used [0x00000000eab00000,0x00000000eae80000,0x00000000eae80000)
  from space 1024K, 82% used [0x00000000eb080000,0x00000000eb152910,0x00000000eb180000)
  to   space 1024K, 0% used [0x00000000eaf80000,0x00000000eaf80000,0x00000000eb080000)
 ParOldGen       total 182272K, used 142978K [0x00000000c0000000, 0x00000000cb200000, 0x00000000eab00000)
  object space 182272K, 78% used [0x00000000c0000000,0x00000000c8ba0838,0x00000000cb200000)
 Metaspace       used 96378K, committed 97472K, reserved 1138688K
  class space    used 9328K, committed 9792K, reserved 1048576K
}
Event: 4050.019 GC heap after
{Heap after GC invocations=10554 (full 414):
 PSYoungGen      total 4608K, used 964K [0x00000000eab00000, 0x00000000eb100000, 0x0000000100000000)
  eden space 3584K, 0% used [0x00000000eab00000,0x00000000eab00000,0x00000000eae80000)
  from space 1024K, 94% used [0x00000000eaf80000,0x00000000eb071210,0x00000000eb080000)
  to   space 512K, 0% used [0x00000000eb080000,0x00000000eb080000,0x00000000eb100000)
 ParOldGen       total 182272K, used 143442K [0x00000000c0000000, 0x00000000cb200000, 0x00000000eab00000)
  object space 182272K, 78% used [0x00000000c0000000,0x00000000c8c14838,0x00000000cb200000)
 Metaspace       used 96378K, committed 97472K, reserved 1138688K
  class space    used 9328K, committed 9792K, reserved 1048576K
}
Event: 4050.023 GC heap before
{Heap before GC invocations=10555 (full 414):
 PSYoungGen      total 4608K, used 4548K [0x00000000eab00000, 0x00000000eb100000, 0x0000000100000000)
  eden space 3584K, 100% used [0x00000000eab00000,0x00000000eae80000,0x00000000eae80000)
  from space 1024K, 94% used [0x00000000eaf80000,0x00000000eb071210,0x00000000eb080000)
  to   space 512K, 0% used [0x00000000eb080000,0x00000000eb080000,0x00000000eb100000)
 ParOldGen       total 182272K, used 143442K [0x00000000c0000000, 0x00000000cb200000, 0x00000000eab00000)
  object space 182272K, 78% used [0x00000000c0000000,0x00000000c8c14838,0x00000000cb200000)
 Metaspace       used 96378K, committed 97472K, reserved 1138688K
  class space    used 9328K, committed 9792K, reserved 1048576K
}
Event: 4050.024 GC heap after
{Heap after GC invocations=10555 (full 414):
 PSYoungGen      total 4096K, used 484K [0x00000000eab00000, 0x00000000eb100000, 0x0000000100000000)
  eden space 3584K, 0% used [0x00000000eab00000,0x00000000eab00000,0x00000000eae80000)
  from space 512K, 94% used [0x00000000eb080000,0x00000000eb0f9210,0x00000000eb100000)
  to   space 1024K, 0% used [0x00000000eaf00000,0x00000000eaf00000,0x00000000eb000000)
 ParOldGen       total 182272K, used 143594K [0x00000000c0000000, 0x00000000cb200000, 0x00000000eab00000)
  object space 182272K, 78% used [0x00000000c0000000,0x00000000c8c3a838,0x00000000cb200000)
 Metaspace       used 96378K, committed 97472K, reserved 1138688K
  class space    used 9328K, committed 9792K, reserved 1048576K
}
Event: 4050.287 GC heap before
{Heap before GC invocations=10556 (full 414):
 PSYoungGen      total 4096K, used 4068K [0x00000000eab00000, 0x00000000eb100000, 0x0000000100000000)
  eden space 3584K, 100% used [0x00000000eab00000,0x00000000eae80000,0x00000000eae80000)
  from space 512K, 94% used [0x00000000eb080000,0x00000000eb0f9210,0x00000000eb100000)
  to   space 1024K, 0% used [0x00000000eaf00000,0x00000000eaf00000,0x00000000eb000000)
 ParOldGen       total 182272K, used 143594K [0x00000000c0000000, 0x00000000cb200000, 0x00000000eab00000)
  object space 182272K, 78% used [0x00000000c0000000,0x00000000c8c3a838,0x00000000cb200000)
 Metaspace       used 96378K, committed 97472K, reserved 1138688K
  class space    used 9328K, committed 9792K, reserved 1048576K
}
Event: 4050.287 GC heap after
{Heap after GC invocations=10556 (full 414):
 PSYoungGen      total 4608K, used 676K [0x00000000eab00000, 0x00000000eb100000, 0x0000000100000000)
  eden space 3584K, 0% used [0x00000000eab00000,0x00000000eab00000,0x00000000eae80000)
  from space 1024K, 66% used [0x00000000eaf00000,0x00000000eafa9210,0x00000000eb000000)
  to   space 1024K, 0% used [0x00000000eb000000,0x00000000eb000000,0x00000000eb100000)
 ParOldGen       total 182272K, used 144094K [0x00000000c0000000, 0x00000000cb200000, 0x00000000eab00000)
  object space 182272K, 79% used [0x00000000c0000000,0x00000000c8cb7a58,0x00000000cb200000)
 Metaspace       used 96378K, committed 97472K, reserved 1138688K
  class space    used 9328K, committed 9792K, reserved 1048576K
}
Event: 4050.568 GC heap before
{Heap before GC invocations=10557 (full 414):
 PSYoungGen      total 4608K, used 4256K [0x00000000eab00000, 0x00000000eb100000, 0x0000000100000000)
  eden space 3584K, 99% used [0x00000000eab00000,0x00000000eae7f098,0x00000000eae80000)
  from space 1024K, 66% used [0x00000000eaf00000,0x00000000eafa9210,0x00000000eb000000)
  to   space 1024K, 0% used [0x00000000eb000000,0x00000000eb000000,0x00000000eb100000)
 ParOldGen       total 182272K, used 144094K [0x00000000c0000000, 0x00000000cb200000, 0x00000000eab00000)
  object space 182272K, 79% used [0x00000000c0000000,0x00000000c8cb7a58,0x00000000cb200000)
 Metaspace       used 96378K, committed 97472K, reserved 1138688K
  class space    used 9328K, committed 9792K, reserved 1048576K
}
Event: 4050.569 GC heap after
{Heap after GC invocations=10557 (full 414):
 PSYoungGen      total 4096K, used 224K [0x00000000eab00000, 0x00000000eb080000, 0x0000000100000000)
  eden space 3584K, 0% used [0x00000000eab00000,0x00000000eab00000,0x00000000eae80000)
  from space 512K, 43% used [0x00000000eb000000,0x00000000eb038000,0x00000000eb080000)
  to   space 512K, 0% used [0x00000000eaf80000,0x00000000eaf80000,0x00000000eb000000)
 ParOldGen       total 182272K, used 144731K [0x00000000c0000000, 0x00000000cb200000, 0x00000000eab00000)
  object space 182272K, 79% used [0x00000000c0000000,0x00000000c8d56c78,0x00000000cb200000)
 Metaspace       used 96378K, committed 97472K, reserved 1138688K
  class space    used 9328K, committed 9792K, reserved 1048576K
}
Event: 4050.579 GC heap before
{Heap before GC invocations=10558 (full 414):
 PSYoungGen      total 4096K, used 3808K [0x00000000eab00000, 0x00000000eb080000, 0x0000000100000000)
  eden space 3584K, 100% used [0x00000000eab00000,0x00000000eae80000,0x00000000eae80000)
  from space 512K, 43% used [0x00000000eb000000,0x00000000eb038000,0x00000000eb080000)
  to   space 512K, 0% used [0x00000000eaf80000,0x00000000eaf80000,0x00000000eb000000)
 ParOldGen       total 182272K, used 144731K [0x00000000c0000000, 0x00000000cb200000, 0x00000000eab00000)
  object space 182272K, 79% used [0x00000000c0000000,0x00000000c8d56c78,0x00000000cb200000)
 Metaspace       used 96378K, committed 97472K, reserved 1138688K
  class space    used 9328K, committed 9792K, reserved 1048576K
}
Event: 4050.582 GC heap after
{Heap after GC invocations=10558 (full 414):
 PSYoungGen      total 4096K, used 512K [0x00000000eab00000, 0x00000000eb680000, 0x0000000100000000)
  eden space 3584K, 0% used [0x00000000eab00000,0x00000000eab00000,0x00000000eae80000)
  from space 512K, 100% used [0x00000000eaf80000,0x00000000eb000000,0x00000000eb000000)
  to   space 4096K, 0% used [0x00000000eb280000,0x00000000eb280000,0x00000000eb680000)
 ParOldGen       total 182272K, used 147525K [0x00000000c0000000, 0x00000000cb200000, 0x00000000eab00000)
  object space 182272K, 80% used [0x00000000c0000000,0x00000000c9011628,0x00000000cb200000)
 Metaspace       used 96378K, committed 97472K, reserved 1138688K
  class space    used 9328K, committed 9792K, reserved 1048576K
}
Event: 4050.586 GC heap before
{Heap before GC invocations=10559 (full 414):
 PSYoungGen      total 4096K, used 4095K [0x00000000eab00000, 0x00000000eb680000, 0x0000000100000000)
  eden space 3584K, 99% used [0x00000000eab00000,0x00000000eae7ff58,0x00000000eae80000)
  from space 512K, 100% used [0x00000000eaf80000,0x00000000eb000000,0x00000000eb000000)
  to   space 4096K, 0% used [0x00000000eb280000,0x00000000eb280000,0x00000000eb680000)
 ParOldGen       total 182272K, used 147525K [0x00000000c0000000, 0x00000000cb200000, 0x00000000eab00000)
  object space 182272K, 80% used [0x00000000c0000000,0x00000000c9011628,0x00000000cb200000)
 Metaspace       used 96378K, committed 97472K, reserved 1138688K
  class space    used 9328K, committed 9792K, reserved 1048576K
}
Event: 4050.592 GC heap after
{Heap after GC invocations=10559 (full 414):
 PSYoungGen      total 7680K, used 3616K [0x00000000eab00000, 0x00000000eb780000, 0x0000000100000000)
  eden space 3584K, 0% used [0x00000000eab00000,0x00000000eab00000,0x00000000eae80000)
  from space 4096K, 88% used [0x00000000eb280000,0x00000000eb608000,0x00000000eb680000)
  to   space 4096K, 0% used [0x00000000eae80000,0x00000000eae80000,0x00000000eb280000)
 ParOldGen       total 182272K, used 148061K [0x00000000c0000000, 0x00000000cb200000, 0x00000000eab00000)
  object space 182272K, 81% used [0x00000000c0000000,0x00000000c9097628,0x00000000cb200000)
 Metaspace       used 96378K, committed 97472K, reserved 1138688K
  class space    used 9328K, committed 9792K, reserved 1048576K
}
Event: 4050.596 GC heap before
{Heap before GC invocations=10560 (full 414):
 PSYoungGen      total 7680K, used 7200K [0x00000000eab00000, 0x00000000eb780000, 0x0000000100000000)
  eden space 3584K, 100% used [0x00000000eab00000,0x00000000eae80000,0x00000000eae80000)
  from space 4096K, 88% used [0x00000000eb280000,0x00000000eb608000,0x00000000eb680000)
  to   space 4096K, 0% used [0x00000000eae80000,0x00000000eae80000,0x00000000eb280000)
 ParOldGen       total 182272K, used 148061K [0x00000000c0000000, 0x00000000cb200000, 0x00000000eab00000)
  object space 182272K, 81% used [0x00000000c0000000,0x00000000c9097628,0x00000000cb200000)
 Metaspace       used 96378K, committed 97472K, reserved 1138688K
  class space    used 9328K, committed 9792K, reserved 1048576K
}
Event: 4050.607 GC heap after
{Heap after GC invocations=10560 (full 414):
 PSYoungGen      total 7680K, used 3616K [0x00000000eab00000, 0x00000000eb780000, 0x0000000100000000)
  eden space 3584K, 0% used [0x00000000eab00000,0x00000000eab00000,0x00000000eae80000)
  from space 4096K, 88% used [0x00000000eae80000,0x00000000eb208000,0x00000000eb280000)
  to   space 4096K, 0% used [0x00000000eb380000,0x00000000eb380000,0x00000000eb780000)
 ParOldGen       total 182272K, used 151645K [0x00000000c0000000, 0x00000000cb200000, 0x00000000eab00000)
  object space 182272K, 83% used [0x00000000c0000000,0x00000000c9417628,0x00000000cb200000)
 Metaspace       used 96378K, committed 97472K, reserved 1138688K
  class space    used 9328K, committed 9792K, reserved 1048576K
}
Event: 4050.612 GC heap before
{Heap before GC invocations=10561 (full 414):
 PSYoungGen      total 7680K, used 7199K [0x00000000eab00000, 0x00000000eb780000, 0x0000000100000000)
  eden space 3584K, 99% used [0x00000000eab00000,0x00000000eae7ffd0,0x00000000eae80000)
  from space 4096K, 88% used [0x00000000eae80000,0x00000000eb208000,0x00000000eb280000)
  to   space 4096K, 0% used [0x00000000eb380000,0x00000000eb380000,0x00000000eb780000)
 ParOldGen       total 182272K, used 151645K [0x00000000c0000000, 0x00000000cb200000, 0x00000000eab00000)
  object space 182272K, 83% used [0x00000000c0000000,0x00000000c9417628,0x00000000cb200000)
 Metaspace       used 96378K, committed 97472K, reserved 1138688K
  class space    used 9328K, committed 9792K, reserved 1048576K
}
Event: 4050.622 GC heap after
{Heap after GC invocations=10561 (full 414):
 PSYoungGen      total 8704K, used 3648K [0x00000000eab00000, 0x00000000eb780000, 0x0000000100000000)
  eden space 4608K, 0% used [0x00000000eab00000,0x00000000eab00000,0x00000000eaf80000)
  from space 4096K, 89% used [0x00000000eb380000,0x00000000eb710000,0x00000000eb780000)
  to   space 4096K, 0% used [0x00000000eaf80000,0x00000000eaf80000,0x00000000eb380000)
 ParOldGen       total 182272K, used 155245K [0x00000000c0000000, 0x00000000cb200000, 0x00000000eab00000)
  object space 182272K, 85% used [0x00000000c0000000,0x00000000c979b628,0x00000000cb200000)
 Metaspace       used 96378K, committed 97472K, reserved 1138688K
  class space    used 9328K, committed 9792K, reserved 1048576K
}
Event: 4050.630 GC heap before
{Heap before GC invocations=10562 (full 414):
 PSYoungGen      total 8704K, used 8177K [0x00000000eab00000, 0x00000000eb780000, 0x0000000100000000)
  eden space 4608K, 98% used [0x00000000eab00000,0x00000000eaf6c700,0x00000000eaf80000)
  from space 4096K, 89% used [0x00000000eb380000,0x00000000eb710000,0x00000000eb780000)
  to   space 4096K, 0% used [0x00000000eaf80000,0x00000000eaf80000,0x00000000eb380000)
 ParOldGen       total 182272K, used 155245K [0x00000000c0000000, 0x00000000cb200000, 0x00000000eab00000)
  object space 182272K, 85% used [0x00000000c0000000,0x00000000c979b628,0x00000000cb200000)
 Metaspace       used 96378K, committed 97472K, reserved 1138688K
  class space    used 9328K, committed 9792K, reserved 1048576K
}

