# JRE version: OpenJDK Runtime Environment Temurin-17.0.1+12 (17.0.1+12) (build 17.0.1+12)
# Java VM: OpenJDK 64-Bit Server VM Temurin-17.0.1+12 (17.0.1+12, mixed mode, tiered, compressed oops, compressed class ptrs, parallel gc, windows-amd64)
GC Precious Log:
 CPUs: 6 total, 6 available
 Memory: 15290M
 Large Page Support: Disabled
 NUMA Support: Disabled
 Compressed Oops: Enabled (32-bit)
 Alignments: Space 512K, Generation 512K, Heap 2M
 Heap Min Capacity: 100M
 Heap Initial Capacity: 100M
 Heap Max Capacity: 1G
 Pre-touch: Disabled
 Parallel Workers: 6
Heap:
 PSYoungGen      total 2048K, used 1599K [0x00000000eab00000, 0x00000000eba00000, 0x0000000100000000)
  eden space 1024K, 99% used [0x00000000eab00000,0x00000000eabffff0,0x00000000eac00000)
  from space 1024K, 56% used [0x00000000eb900000,0x00000000eb990000,0x00000000eba00000)
  to   space 2560K, 42% used [0x00000000eb500000,0x00000000eb613000,0x00000000eb780000)
 ParOldGen       total 318464K, used 285562K [0x00000000c0000000, 0x00000000d3700000, 0x00000000eab00000)
  object space 318464K, 89% used [0x00000000c0000000,0x00000000d16de920,0x00000000d3700000)
 Metaspace       used 87823K, committed 88896K, reserved 1130496K
  class space    used 8396K, committed 8896K, reserved 1048576K
GC Heap History (20 events):
Event: 9089.179 GC heap after
{Heap after GC invocations=6997 (full 241):
 PSYoungGen      total 20992K, used 0K [0x00000000eab00000, 0x00000000ec580000, 0x0000000100000000)
  eden space 16896K, 0% used [0x00000000eab00000,0x00000000eab00000,0x00000000ebb80000)
  from space 4096K, 0% used [0x00000000ebb80000,0x00000000ebb80000,0x00000000ebf80000)
  to   space 4096K, 0% used [0x00000000ec180000,0x00000000ec180000,0x00000000ec580000)
 ParOldGen       total 318464K, used 256993K [0x00000000c0000000, 0x00000000d3700000, 0x00000000eab00000)
  object space 318464K, 80% used [0x00000000c0000000,0x00000000cfaf8750,0x00000000d3700000)
 Metaspace       used 87800K, committed 88896K, reserved 1130496K
  class space    used 8395K, committed 8896K, reserved 1048576K
}
Event: 9089.192 GC heap before
{Heap before GC invocations=6998 (full 241):
 PSYoungGen      total 20992K, used 16077K [0x00000000eab00000, 0x00000000ec580000, 0x0000000100000000)
  eden space 16896K, 95% used [0x00000000eab00000,0x00000000ebab35f8,0x00000000ebb80000)
  from space 4096K, 0% used [0x00000000ebb80000,0x00000000ebb80000,0x00000000ebf80000)
  to   space 4096K, 0% used [0x00000000ec180000,0x00000000ec180000,0x00000000ec580000)
 ParOldGen       total 318464K, used 256993K [0x00000000c0000000, 0x00000000d3700000, 0x00000000eab00000)
  object space 318464K, 80% used [0x00000000c0000000,0x00000000cfaf8750,0x00000000d3700000)
 Metaspace       used 87814K, committed 88896K, reserved 1130496K
  class space    used 8396K, committed 8896K, reserved 1048576K
}
Event: 9089.193 GC heap after
{Heap after GC invocations=6998 (full 241):
 PSYoungGen      total 19456K, used 2490K [0x00000000eab00000, 0x00000000ec400000, 0x0000000100000000)
  eden space 16896K, 0% used [0x00000000eab00000,0x00000000eab00000,0x00000000ebb80000)
  from space 2560K, 97% used [0x00000000ec180000,0x00000000ec3ee910,0x00000000ec400000)
  to   space 3072K, 0% used [0x00000000ebe00000,0x00000000ebe00000,0x00000000ec100000)
 ParOldGen       total 318464K, used 257001K [0x00000000c0000000, 0x00000000d3700000, 0x00000000eab00000)
  object space 318464K, 80% used [0x00000000c0000000,0x00000000cfafa750,0x00000000d3700000)
 Metaspace       used 87814K, committed 88896K, reserved 1130496K
  class space    used 8396K, committed 8896K, reserved 1048576K
}
Event: 9089.813 GC heap before
{Heap before GC invocations=6999 (full 241):
 PSYoungGen      total 19456K, used 19386K [0x00000000eab00000, 0x00000000ec400000, 0x0000000100000000)
  eden space 16896K, 100% used [0x00000000eab00000,0x00000000ebb80000,0x00000000ebb80000)
  from space 2560K, 97% used [0x00000000ec180000,0x00000000ec3ee910,0x00000000ec400000)
  to   space 3072K, 0% used [0x00000000ebe00000,0x00000000ebe00000,0x00000000ec100000)
 ParOldGen       total 318464K, used 257001K [0x00000000c0000000, 0x00000000d3700000, 0x00000000eab00000)
  object space 318464K, 80% used [0x00000000c0000000,0x00000000cfafa750,0x00000000d3700000)
 Metaspace       used 87816K, committed 88896K, reserved 1130496K
  class space    used 8396K, committed 8896K, reserved 1048576K
}
Event: 9089.813 GC heap after
{Heap after GC invocations=6999 (full 241):
 PSYoungGen      total 18432K, used 1050K [0x00000000eab00000, 0x00000000ec200000, 0x0000000100000000)
  eden space 16896K, 0% used [0x00000000eab00000,0x00000000eab00000,0x00000000ebb80000)
  from space 1536K, 68% used [0x00000000ebe00000,0x00000000ebf06900,0x00000000ebf80000)
  to   space 2048K, 0% used [0x00000000ec000000,0x00000000ec000000,0x00000000ec200000)
 ParOldGen       total 318464K, used 257001K [0x00000000c0000000, 0x00000000d3700000, 0x00000000eab00000)
  object space 318464K, 80% used [0x00000000c0000000,0x00000000cfafa750,0x00000000d3700000)
 Metaspace       used 87816K, committed 88896K, reserved 1130496K
  class space    used 8396K, committed 8896K, reserved 1048576K
}
Event: 9089.835 GC heap before
{Heap before GC invocations=7000 (full 241):
 PSYoungGen      total 18432K, used 16120K [0x00000000eab00000, 0x00000000ec200000, 0x0000000100000000)
  eden space 16896K, 89% used [0x00000000eab00000,0x00000000eb9b77e8,0x00000000ebb80000)
  from space 1536K, 68% used [0x00000000ebe00000,0x00000000ebf06900,0x00000000ebf80000)
  to   space 2048K, 0% used [0x00000000ec000000,0x00000000ec000000,0x00000000ec200000)
 ParOldGen       total 318464K, used 257001K [0x00000000c0000000, 0x00000000d3700000, 0x00000000eab00000)
  object space 318464K, 80% used [0x00000000c0000000,0x00000000cfafa750,0x00000000d3700000)
 Metaspace       used 87818K, committed 88896K, reserved 1130496K
  class space    used 8396K, committed 8896K, reserved 1048576K
}
Event: 9089.836 GC heap after
{Heap after GC invocations=7000 (full 241):
 PSYoungGen      total 18432K, used 1312K [0x00000000eab00000, 0x00000000ec180000, 0x0000000100000000)
  eden space 16896K, 0% used [0x00000000eab00000,0x00000000eab00000,0x00000000ebb80000)
  from space 1536K, 85% used [0x00000000ec000000,0x00000000ec148390,0x00000000ec180000)
  to   space 1536K, 0% used [0x00000000ebe00000,0x00000000ebe00000,0x00000000ebf80000)
 ParOldGen       total 318464K, used 257009K [0x00000000c0000000, 0x00000000d3700000, 0x00000000eab00000)
  object space 318464K, 80% used [0x00000000c0000000,0x00000000cfafc750,0x00000000d3700000)
 Metaspace       used 87818K, committed 88896K, reserved 1130496K
  class space    used 8396K, committed 8896K, reserved 1048576K
}
Event: 9090.157 GC heap before
{Heap before GC invocations=7001 (full 241):
 PSYoungGen      total 18432K, used 18208K [0x00000000eab00000, 0x00000000ec180000, 0x0000000100000000)
  eden space 16896K, 100% used [0x00000000eab00000,0x00000000ebb80000,0x00000000ebb80000)
  from space 1536K, 85% used [0x00000000ec000000,0x00000000ec148390,0x00000000ec180000)
  to   space 1536K, 0% used [0x00000000ebe00000,0x00000000ebe00000,0x00000000ebf80000)
 ParOldGen       total 318464K, used 257009K [0x00000000c0000000, 0x00000000d3700000, 0x00000000eab00000)
  object space 318464K, 80% used [0x00000000c0000000,0x00000000cfafc750,0x00000000d3700000)
 Metaspace       used 87823K, committed 88896K, reserved 1130496K
  class space    used 8396K, committed 8896K, reserved 1048576K
}
Event: 9090.159 GC heap after
{Heap after GC invocations=7001 (full 241):
 PSYoungGen      total 18432K, used 1535K [0x00000000eab00000, 0x00000000ec980000, 0x0000000100000000)
  eden space 16896K, 0% used [0x00000000eab00000,0x00000000eab00000,0x00000000ebb80000)
  from space 1536K, 99% used [0x00000000ebe00000,0x00000000ebf7ffc8,0x00000000ebf80000)
  to   space 7168K, 0% used [0x00000000ec280000,0x00000000ec280000,0x00000000ec980000)
 ParOldGen       total 318464K, used 261347K [0x00000000c0000000, 0x00000000d3700000, 0x00000000eab00000)
  object space 318464K, 82% used [0x00000000c0000000,0x00000000cff38e38,0x00000000d3700000)
 Metaspace       used 87823K, committed 88896K, reserved 1130496K
  class space    used 8396K, committed 8896K, reserved 1048576K
}
Event: 9090.596 GC heap before
{Heap before GC invocations=7002 (full 241):
 PSYoungGen      total 18432K, used 18431K [0x00000000eab00000, 0x00000000ec980000, 0x0000000100000000)
  eden space 16896K, 100% used [0x00000000eab00000,0x00000000ebb80000,0x00000000ebb80000)
  from space 1536K, 99% used [0x00000000ebe00000,0x00000000ebf7ffc8,0x00000000ebf80000)
  to   space 7168K, 0% used [0x00000000ec280000,0x00000000ec280000,0x00000000ec980000)
 ParOldGen       total 318464K, used 261347K [0x00000000c0000000, 0x00000000d3700000, 0x00000000eab00000)
  object space 318464K, 82% used [0x00000000c0000000,0x00000000cff38e38,0x00000000d3700000)
 Metaspace       used 87823K, committed 88896K, reserved 1130496K
  class space    used 8396K, committed 8896K, reserved 1048576K
}
Event: 9090.598 GC heap after
{Heap after GC invocations=7002 (full 241):
 PSYoungGen      total 19968K, used 3066K [0x00000000eab00000, 0x00000000ec580000, 0x0000000100000000)
  eden space 16896K, 0% used [0x00000000eab00000,0x00000000eab00000,0x00000000ebb80000)
  from space 3072K, 99% used [0x00000000ec280000,0x00000000ec57e8c8,0x00000000ec580000)
  to   space 4096K, 0% used [0x00000000ebd80000,0x00000000ebd80000,0x00000000ec180000)
 ParOldGen       total 318464K, used 261683K [0x00000000c0000000, 0x00000000d3700000, 0x00000000eab00000)
  object space 318464K, 82% used [0x00000000c0000000,0x00000000cff8ccd8,0x00000000d3700000)
 Metaspace       used 87823K, committed 88896K, reserved 1130496K
  class space    used 8396K, committed 8896K, reserved 1048576K
}
Event: 9090.942 GC heap before
{Heap before GC invocations=7003 (full 241):
 PSYoungGen      total 19968K, used 19962K [0x00000000eab00000, 0x00000000ec580000, 0x0000000100000000)
  eden space 16896K, 100% used [0x00000000eab00000,0x00000000ebb80000,0x00000000ebb80000)
  from space 3072K, 99% used [0x00000000ec280000,0x00000000ec57e8c8,0x00000000ec580000)
  to   space 4096K, 0% used [0x00000000ebd80000,0x00000000ebd80000,0x00000000ec180000)
 ParOldGen       total 318464K, used 261683K [0x00000000c0000000, 0x00000000d3700000, 0x00000000eab00000)
  object space 318464K, 82% used [0x00000000c0000000,0x00000000cff8ccd8,0x00000000d3700000)
 Metaspace       used 87823K, committed 88896K, reserved 1130496K
  class space    used 8396K, committed 8896K, reserved 1048576K
}
Event: 9090.944 GC heap after
{Heap after GC invocations=7003 (full 241):
 PSYoungGen      total 20992K, used 4079K [0x00000000eab00000, 0x00000000ec680000, 0x0000000100000000)
  eden space 16896K, 0% used [0x00000000eab00000,0x00000000eab00000,0x00000000ebb80000)
  from space 4096K, 99% used [0x00000000ebd80000,0x00000000ec17bc68,0x00000000ec180000)
  to   space 5120K, 0% used [0x00000000ec180000,0x00000000ec180000,0x00000000ec680000)
 ParOldGen       total 318464K, used 262763K [0x00000000c0000000, 0x00000000d3700000, 0x00000000eab00000)
  object space 318464K, 82% used [0x00000000c0000000,0x00000000d009acd8,0x00000000d3700000)
 Metaspace       used 87823K, committed 88896K, reserved 1130496K
  class space    used 8396K, committed 8896K, reserved 1048576K
}
Event: 9090.970 GC heap before
{Heap before GC invocations=7004 (full 241):
 PSYoungGen      total 20992K, used 20592K [0x00000000eab00000, 0x00000000ec680000, 0x0000000100000000)
  eden space 16896K, 97% used [0x00000000eab00000,0x00000000ebb205b8,0x00000000ebb80000)
  from space 4096K, 99% used [0x00000000ebd80000,0x00000000ec17bc68,0x00000000ec180000)
  to   space 5120K, 0% used [0x00000000ec180000,0x00000000ec180000,0x00000000ec680000)
 ParOldGen       total 318464K, used 262763K [0x00000000c0000000, 0x00000000d3700000, 0x00000000eab00000)
  object space 318464K, 82% used [0x00000000c0000000,0x00000000d009acd8,0x00000000d3700000)
 Metaspace       used 87823K, committed 88896K, reserved 1130496K
  class space    used 8396K, committed 8896K, reserved 1048576K
}
Event: 9090.977 GC heap after
{Heap after GC invocations=7004 (full 241):
 PSYoungGen      total 5632K, used 5093K [0x00000000eab00000, 0x00000000ee880000, 0x0000000100000000)
  eden space 512K, 0% used [0x00000000eab00000,0x00000000eab00000,0x00000000eab80000)
  from space 5120K, 99% used [0x00000000ec180000,0x00000000ec6794a0,0x00000000ec680000)
  to   space 22528K, 0% used [0x00000000eab80000,0x00000000eab80000,0x00000000ec180000)
 ParOldGen       total 318464K, used 277861K [0x00000000c0000000, 0x00000000d3700000, 0x00000000eab00000)
  object space 318464K, 87% used [0x00000000c0000000,0x00000000d0f59710,0x00000000d3700000)
 Metaspace       used 87823K, committed 88896K, reserved 1130496K
  class space    used 8396K, committed 8896K, reserved 1048576K
}
Event: 9090.979 GC heap before
{Heap before GC invocations=7005 (full 241):
 PSYoungGen      total 5632K, used 5605K [0x00000000eab00000, 0x00000000ee880000, 0x0000000100000000)
  eden space 512K, 100% used [0x00000000eab00000,0x00000000eab80000,0x00000000eab80000)
  from space 5120K, 99% used [0x00000000ec180000,0x00000000ec6794a0,0x00000000ec680000)
  to   space 22528K, 0% used [0x00000000eab80000,0x00000000eab80000,0x00000000ec180000)
 ParOldGen       total 318464K, used 278267K [0x00000000c0000000, 0x00000000d3700000, 0x00000000eab00000)
  object space 318464K, 87% used [0x00000000c0000000,0x00000000d0fbef10,0x00000000d3700000)
 Metaspace       used 87823K, committed 88896K, reserved 1130496K
  class space    used 8396K, committed 8896K, reserved 1048576K
}
Event: 9090.981 GC heap after
{Heap after GC invocations=7005 (full 241):
 PSYoungGen      total 3584K, used 2582K [0x00000000eab00000, 0x00000000ec200000, 0x0000000100000000)
  eden space 512K, 0% used [0x00000000eab00000,0x00000000eab00000,0x00000000eab80000)
  from space 3072K, 84% used [0x00000000eab80000,0x00000000eae05800,0x00000000eae80000)
  to   space 9216K, 0% used [0x00000000eb900000,0x00000000eb900000,0x00000000ec200000)
 ParOldGen       total 318464K, used 281736K [0x00000000c0000000, 0x00000000d3700000, 0x00000000eab00000)
  object space 318464K, 88% used [0x00000000c0000000,0x00000000d1322120,0x00000000d3700000)
 Metaspace       used 87823K, committed 88896K, reserved 1130496K
  class space    used 8396K, committed 8896K, reserved 1048576K
}
Event: 9090.984 GC heap before
{Heap before GC invocations=7006 (full 241):
 PSYoungGen      total 3584K, used 3094K [0x00000000eab00000, 0x00000000ec200000, 0x0000000100000000)
  eden space 512K, 100% used [0x00000000eab00000,0x00000000eab80000,0x00000000eab80000)
  from space 3072K, 84% used [0x00000000eab80000,0x00000000eae05800,0x00000000eae80000)
  to   space 9216K, 0% used [0x00000000eb900000,0x00000000eb900000,0x00000000ec200000)
 ParOldGen       total 318464K, used 281736K [0x00000000c0000000, 0x00000000d3700000, 0x00000000eab00000)
  object space 318464K, 88% used [0x00000000c0000000,0x00000000d1322120,0x00000000d3700000)
 Metaspace       used 87823K, committed 88896K, reserved 1130496K
  class space    used 8396K, committed 8896K, reserved 1048576K
}
Event: 9090.989 GC heap after
{Heap after GC invocations=7006 (full 241):
 PSYoungGen      total 2048K, used 576K [0x00000000eab00000, 0x00000000eba00000, 0x0000000100000000)
  eden space 1024K, 0% used [0x00000000eab00000,0x00000000eab00000,0x00000000eac00000)
  from space 1024K, 56% used [0x00000000eb900000,0x00000000eb990000,0x00000000eba00000)
  to   space 2560K, 0% used [0x00000000eb500000,0x00000000eb500000,0x00000000eb780000)
 ParOldGen       total 318464K, used 284254K [0x00000000c0000000, 0x00000000d3700000, 0x00000000eab00000)
  object space 318464K, 89% used [0x00000000c0000000,0x00000000d1597920,0x00000000d3700000)
 Metaspace       used 87823K, committed 88896K, reserved 1130496K
  class space    used 8396K, committed 8896K, reserved 1048576K
}
Event: 9090.996 GC heap before
{Heap before GC invocations=7007 (full 241):
 PSYoungGen      total 2048K, used 1599K [0x00000000eab00000, 0x00000000eba00000, 0x0000000100000000)
  eden space 1024K, 99% used [0x00000000eab00000,0x00000000eabffff0,0x00000000eac00000)
  from space 1024K, 56% used [0x00000000eb900000,0x00000000eb990000,0x00000000eba00000)
  to   space 2560K, 0% used [0x00000000eb500000,0x00000000eb500000,0x00000000eb780000)
 ParOldGen       total 318464K, used 285066K [0x00000000c0000000, 0x00000000d3700000, 0x00000000eab00000)
  object space 318464K, 89% used [0x00000000c0000000,0x00000000d1662920,0x00000000d3700000)
 Metaspace       used 87823K, committed 88896K, reserved 1130496K
  class space    used 8396K, committed 8896K, reserved 1048576K
}

